17:19:13 **** Build of configuration Debug for project exo3 ****
make all 
Building file: ../src/exo3-1.c
Invoking: GCC C Compiler
gcc -O0 -g3 -Wall -c -fmessage-length=0 -MMD -MP -MF"src/exo3-1.d" -MT"src/exo3-1.d" -o "src/exo3-1.o" "../src/exo3-1.c"
Finished building: ../src/exo3-1.c
 
Building file: ../src/exo3-2.c
Invoking: GCC C Compiler
gcc -O0 -g3 -Wall -c -fmessage-length=0 -MMD -MP -MF"src/exo3-2.d" -MT"src/exo3-2.d" -o "src/exo3-2.o" "../src/exo3-2.c"
Finished building: ../src/exo3-2.c
 
Building target: exo3
Invoking: GCC C Linker
gcc  -o "exo3"  ./src/exo3-1.o ./src/exo3-2.o   
./src/exo3-2.o: In function `main':
/home/messi/Desktop/tpSeminaire/rapportSeminaire/tp1/exo3/Debug/../src/exo3-2.c:19: multiple definition of `main'
./src/exo3-1.o:/home/messi/Desktop/tpSeminaire/rapportSeminaire/tp1/exo3/Debug/../src/exo3-1.c:20: first defined here
collect2: ld returned 1 exit status
make: *** [exo3] Error 1
17:21:00 **** Incremental Build of configuration Debug for project exo3 ****
make all 
Building file: ../src/exo3-2.c
Invoking: GCC C Compiler
gcc -O0 -g3 -Wall -c -fmessage-length=0 -MMD -MP -MF"src/exo3-2.d" -MT"src/exo3-2.d" -o "src/exo3-2.o" "../src/exo3-2.c"
Finished building: ../src/exo3-2.c
 
Building target: exo3
Invoking: GCC C Linker
gcc  -o "exo3"  ./src/exo3-1.o ./src/exo3-2.o   
./src/exo3-2.o: In function `main':
/home/messi/Desktop/tpSeminaire/rapportSeminaire/tp1/exo3/Debug/../src/exo3-2.c:19: multiple definition of `main'
./src/exo3-1.o:/home/messi/Desktop/tpSeminaire/rapportSeminaire/tp1/exo3/Debug/../src/exo3-1.c:20: first defined here
collect2: ld returned 1 exit status
make: *** [exo3] Error 1
17:21:02 **** Incremental Build of configuration Debug for project exo3 ****
make all 
Building target: exo3
Invoking: GCC C Linker
gcc  -o "exo3"  ./src/exo3-1.o ./src/exo3-2.o   
./src/exo3-2.o: In function `main':
/home/messi/Desktop/tpSeminaire/rapportSeminaire/tp1/exo3/Debug/../src/exo3-2.c:19: multiple definition of `main'
./src/exo3-1.o:/home/messi/Desktop/tpSeminaire/rapportSeminaire/tp1/exo3/Debug/../src/exo3-1.c:20: first defined here
collect2: ld returned 1 exit status
make: *** [exo3] Error 1
17:21:02 **** Incremental Build of configuration Debug for project exo3 ****
make all 
Building target: exo3
Invoking: GCC C Linker
gcc  -o "exo3"  ./src/exo3-1.o ./src/exo3-2.o   
./src/exo3-2.o: In function `main':
/home/messi/Desktop/tpSeminaire/rapportSeminaire/tp1/exo3/Debug/../src/exo3-2.c:19: multiple definition of `main'
./src/exo3-1.o:/home/messi/Desktop/tpSeminaire/rapportSeminaire/tp1/exo3/Debug/../src/exo3-1.c:20: first defined here
collect2: ld returned 1 exit status
make: *** [exo3] Error 1
17:21:03 **** Incremental Build of configuration Debug for project exo3 ****
make all 
Building target: exo3
Invoking: GCC C Linker
gcc  -o "exo3"  ./src/exo3-1.o ./src/exo3-2.o   
./src/exo3-2.o: In function `main':
/home/messi/Desktop/tpSeminaire/rapportSeminaire/tp1/exo3/Debug/../src/exo3-2.c:19: multiple definition of `main'
./src/exo3-1.o:/home/messi/Desktop/tpSeminaire/rapportSeminaire/tp1/exo3/Debug/../src/exo3-1.c:20: first defined here
collect2: ld returned 1 exit status
make: *** [exo3] Error 1
17:21:13 **** Incremental Build of configuration Debug for project exo3 ****
make all 
Building target: exo3
Invoking: GCC C Linker
gcc  -o "exo3"  ./src/exo3-1.o ./src/exo3-2.o   
./src/exo3-2.o: In function `main':
/home/messi/Desktop/tpSeminaire/rapportSeminaire/tp1/exo3/Debug/../src/exo3-2.c:19: multiple definition of `main'
./src/exo3-1.o:/home/messi/Desktop/tpSeminaire/rapportSeminaire/tp1/exo3/Debug/../src/exo3-1.c:20: first defined here
collect2: ld returned 1 exit status
make: *** [exo3] Error 1
